Arguments: 
  /home/joenior/.asdf/installs/nodejs/15.8.0/bin/node /usr/bin/yarn add @babel/core @bable/cli @babel/preset-env -D

PATH: 
  /home/joenior/.asdf/installs/nodejs/15.8.0/bin:/home/joenior/.asdf/installs/nodejs/15.8.0/.npm/bin:/home/joenior/.asdf/shims:/home/joenior/.asdf/bin:/home/joenior/.local/bin:/usr/local/bin:/usr/bin:/var/lib/snapd/snap/bin:/usr/local/sbin:/var/lib/flatpak/exports/bin:/usr/lib/jvm/default/bin:/usr/bin/site_perl:/usr/bin/vendor_perl:/usr/bin/core_perl:/home/joenior/.asdf/installs/nodejs/15.8.0/.npm/bin:/home/joenior/.asdf/installs/nodejs/15.8.0/.npm/bin

Yarn version: 
  1.22.10

Node version: 
  15.8.0

Platform: 
  linux x64

Trace: 
  Error: https://registry.yarnpkg.com/@bable%2fcli: Not found
      at Request.params.callback [as _callback] (/usr/lib/node_modules/yarn/lib/cli.js:66988:18)
      at Request.self.callback (/usr/lib/node_modules/yarn/lib/cli.js:140749:22)
      at Request.emit (node:events:378:20)
      at Request.<anonymous> (/usr/lib/node_modules/yarn/lib/cli.js:141721:10)
      at Request.emit (node:events:378:20)
      at IncomingMessage.<anonymous> (/usr/lib/node_modules/yarn/lib/cli.js:141643:12)
      at Object.onceWrapper (node:events:484:28)
      at IncomingMessage.emit (node:events:390:22)
      at endReadableNT (node:internal/streams/readable:1307:12)
      at processTicksAndRejections (node:internal/process/task_queues:81:21)

npm manifest: 
  No manifest

yarn manifest: 
  No manifest

Lockfile: 
  No lockfile
